<?xml version="1.0" encoding="UTF-8"?>
<coverage generated="1674410250191" clover="3.2.0">
  <project timestamp="1674410250191" name="All files">
    <metrics statements="3" coveredstatements="3" conditionals="5" coveredconditionals="5" methods="1" coveredmethods="1" elements="9" coveredelements="9" complexity="0" loc="3" ncloc="3" packages="1" files="1" classes="1"/>
    <file name="Loader.tsx" path="/home/pawel/Desktop/react component library/library/src/components/Loader/Loader.tsx">
      <metrics statements="3" coveredstatements="3" conditionals="5" coveredconditionals="5" methods="1" coveredmethods="1"/>
      <line num="12" count="1" type="stmt"/>
      <line num="13" count="3" type="cond" truecount="1" falsecount="0"/>
      <line num="15" count="3" type="stmt"/>
    </file>
  </project>
</coverage>
