{"/home/pawel/Desktop/react component library/library/src/components/Button/Button.tsx": {"path":"/home/pawel/Desktop/react component library/library/src/components/Button/Button.tsx","statementMap":{"0":{"start":{"line":8,"column":15},"end":{"line":10,"column":1}},"1":{"start":{"line":9,"column":2},"end":{"line":9,"column":40}}},"fnMap":{"0":{"name":"(anonymous_0)","decl":{"start":{"line":8,"column":15},"end":{"line":8,"column":16}},"loc":{"start":{"line":8,"column":39},"end":{"line":10,"column":1}},"line":8}},"branchMap":{},"s":{"0":1,"1":1},"f":{"0":1},"b":{},"_coverageSchema":"1a1c01bbd47fc00a2c39e90264f33305004495a9","hash":"e221d1bff5b8416b11561cbe4fb2f8d4668ebc60"}
,"/home/pawel/Desktop/react component library/library/src/components/Loader/Loader.tsx": {"path":"/home/pawel/Desktop/react component library/library/src/components/Loader/Loader.tsx","statementMap":{"0":{"start":{"line":12,"column":32},"end":{"line":42,"column":1}},"1":{"start":{"line":13,"column":58},"end":{"line":13,"column":63}},"2":{"start":{"line":15,"column":2},"end":{"line":41,"column":4}}},"fnMap":{"0":{"name":"(anonymous_0)","decl":{"start":{"line":12,"column":32},"end":{"line":12,"column":33}},"loc":{"start":{"line":12,"column":43},"end":{"line":42,"column":1}},"line":12}},"branchMap":{"0":{"loc":{"start":{"line":13,"column":10},"end":{"line":13,"column":26}},"type":"default-arg","locations":[{"start":{"line":13,"column":22},"end":{"line":13,"column":26}}],"line":13},"1":{"loc":{"start":{"line":17,"column":7},"end":{"line":39,"column":7}},"type":"cond-expr","locations":[{"start":{"line":18,"column":8},"end":{"line":36,"column":15}},{"start":{"line":38,"column":8},"end":{"line":38,"column":23}}],"line":17},"2":{"loc":{"start":{"line":30,"column":13},"end":{"line":34,"column":13}},"type":"binary-expr","locations":[{"start":{"line":30,"column":13},"end":{"line":30,"column":17}},{"start":{"line":31,"column":14},"end":{"line":33,"column":21}}],"line":30}},"s":{"0":1,"1":3,"2":3},"f":{"0":3},"b":{"0":[2],"1":[2,1],"2":[2,1]},"_coverageSchema":"1a1c01bbd47fc00a2c39e90264f33305004495a9","hash":"1414f877ce9637c6b61db9acaa203412ac4e0f4c"}
}
